<?xml version="1.0" encoding="UTF-8"?>
<!-- Generated by org.testng.reporters.JUnitReportReporter -->
<testsuite skipped="0" hostname="RohitSingh-PC" name="Test.Test1_GoogleSearch2_TestNGDemo" tests="1" failures="0" timestamp="2019-11-04T08:42:32 IST" time="4.791" errors="0">
  <testcase name="googleSearch" time="4.791" classname="Test.Test1_GoogleSearch2_TestNGDemo"/>
</testsuite> <!-- Test.Test1_GoogleSearch2_TestNGDemo -->
