<?xml version="1.0" encoding="UTF-8"?>
<!-- Generated by org.testng.reporters.JUnitReportReporter -->
<testsuite skipped="0" hostname="RohitSingh-PC" name="Test.GmailTest" tests="1" failures="0" timestamp="2019-11-04T19:10:40 IST" time="3.918" errors="0">
  <testcase name="testGmail" time="3.918" classname="Test.GmailTest"/>
</testsuite> <!-- Test.GmailTest -->
